<?xml version="1.0" encoding="UTF-8"?>
<testng-results ignored="0" total="2" passed="2" failed="0" skipped="0">
  <reporter-output>
  </reporter-output>
  <suite started-at="2022-08-25T10:24:19 IST" name="STAGING:Support" finished-at="2022-08-25T10:27:27 IST" duration-ms="187659">
    <groups>
    </groups>
    <test started-at="2022-08-25T10:24:19 IST" name="NetAgentSupport" finished-at="2022-08-25T10:25:03 IST" duration-ms="44325">
      <class name="NetAgentSupport.NASupport">
        <test-method signature="naSupport()[pri:0, instance:NetAgentSupport.NASupport@1de76cc7]" started-at="2022-08-25T10:24:19 IST" name="naSupport" finished-at="2022-08-25T10:25:03 IST" duration-ms="44269" status="PASS">
          <reporter-output>
          </reporter-output>
        </test-method> <!-- naSupport -->
      </class> <!-- NetAgentSupport.NASupport -->
    </test> <!-- NetAgentSupport -->
    <test started-at="2022-08-25T10:25:03 IST" name="NetShipSupport" finished-at="2022-08-25T10:27:27 IST" duration-ms="143286">
      <class name="NetShipSupport.NSSupport">
        <test-method is-config="true" signature="startup()[pri:0, instance:NetShipSupport.NSSupport@4efac082]" started-at="2022-08-25T10:24:16 IST" name="startup" finished-at="2022-08-25T10:24:19 IST" duration-ms="2968" status="PASS">
          <reporter-output>
          </reporter-output>
        </test-method> <!-- startup -->
        <test-method signature="nsSupport()[pri:0, instance:NetShipSupport.NSSupport@4efac082]" started-at="2022-08-25T10:25:03 IST" name="nsSupport" finished-at="2022-08-25T10:27:27 IST" duration-ms="143275" status="PASS">
          <reporter-output>
          </reporter-output>
        </test-method> <!-- nsSupport -->
        <test-method is-config="true" signature="end()[pri:0, instance:NetShipSupport.NSSupport@4efac082]" started-at="2022-08-25T10:27:27 IST" name="end" finished-at="2022-08-25T10:27:27 IST" duration-ms="306" status="PASS">
          <reporter-output>
          </reporter-output>
        </test-method> <!-- end -->
      </class> <!-- NetShipSupport.NSSupport -->
    </test> <!-- NetShipSupport -->
  </suite> <!-- STAGING:Support -->
</testng-results>
