<?xml version="1.0" encoding="UTF-8"?>
<testng-results ignored="0" total="2" passed="2" failed="0" skipped="0">
  <reporter-output>
  </reporter-output>
  <suite started-at="2022-09-27T10:24:38 IST" name="STAGING:Support" finished-at="2022-09-27T10:27:49 IST" duration-ms="191471">
    <groups>
    </groups>
    <test started-at="2022-09-27T10:24:38 IST" name="NetAgentSupport" finished-at="2022-09-27T10:25:18 IST" duration-ms="39948">
      <class name="NetAgentSupport.NASupport">
        <test-method signature="naSupport()[pri:0, instance:NetAgentSupport.NASupport@54bff557]" started-at="2022-09-27T10:24:38 IST" name="naSupport" finished-at="2022-09-27T10:25:18 IST" duration-ms="39868" status="PASS">
          <reporter-output>
          </reporter-output>
        </test-method> <!-- naSupport -->
      </class> <!-- NetAgentSupport.NASupport -->
    </test> <!-- NetAgentSupport -->
    <test started-at="2022-09-27T10:25:18 IST" name="NetShipSupport" finished-at="2022-09-27T10:27:49 IST" duration-ms="151491">
      <class name="NetShipSupport.NSSupport">
        <test-method is-config="true" signature="startup()[pri:0, instance:NetShipSupport.NSSupport@6bd61f98]" started-at="2022-09-27T10:24:36 IST" name="startup" finished-at="2022-09-27T10:24:38 IST" duration-ms="2213" status="PASS">
          <reporter-output>
          </reporter-output>
        </test-method> <!-- startup -->
        <test-method signature="nsSupport()[pri:0, instance:NetShipSupport.NSSupport@6bd61f98]" started-at="2022-09-27T10:25:18 IST" name="nsSupport" finished-at="2022-09-27T10:27:49 IST" duration-ms="151482" status="PASS">
          <reporter-output>
          </reporter-output>
        </test-method> <!-- nsSupport -->
        <test-method is-config="true" signature="end()[pri:0, instance:NetShipSupport.NSSupport@6bd61f98]" started-at="2022-09-27T10:27:49 IST" name="end" finished-at="2022-09-27T10:27:50 IST" duration-ms="246" status="PASS">
          <reporter-output>
          </reporter-output>
        </test-method> <!-- end -->
      </class> <!-- NetShipSupport.NSSupport -->
    </test> <!-- NetShipSupport -->
  </suite> <!-- STAGING:Support -->
</testng-results>
